2021-05-14 13:17:27, info, message from winston : Posts data retrieved successfully!!
2021-05-14 13:17:41, info, message from winston : signed in successfully for user --> sharanya
2021-05-14 13:17:42, info, message from winston : Posts data retrieved successfully!!
2021-05-14 13:26:18, info, message from winston : Posts data retrieved successfully!!
2021-05-14 13:27:59, info, message from winston : Posts data retrieved successfully!!
2021-05-14 13:28:11, info, message from winston : Posts data retrieved successfully!!
2021-05-14 13:28:24, info, message from winston : Posts data retrieved successfully!!
2021-05-14 13:28:41, info, message from winston : signed in successfully for user --> sharanya1
2021-05-14 13:28:41, info, message from winston : Posts data retrieved successfully!!
2021-05-14 13:28:46, info, message from winston : Comments are retrieved successfully for  60900a12b5aa36cf98eec5bd
2021-05-14 13:28:48, info, message from winston : Token has been verified successfully for  6081c54570b2bf652bf06b7a
2021-05-14 13:28:52, error, message from winston : Some error occured
2021-05-14 13:28:54, info, message from winston : Token has been verified successfully for  6081c54570b2bf652bf06b7a
2021-05-14 13:28:56, info, message from winston : Token has been verified successfully for  6081c54570b2bf652bf06b7a
2021-05-14 13:28:58, error, message from winston : Some error occured
2021-05-14 13:28:59, error, message from winston : Some error occured
2021-05-14 13:32:23, info, message from winston : Posts data retrieved successfully!!
2021-05-14 13:32:23, info, message from winston : Posts data retrieved successfully!!
2021-05-14 13:32:31, info, message from winston : signed in successfully for user --> shobha
2021-05-14 13:32:32, info, message from winston : Posts data retrieved successfully!!
2021-05-14 13:32:38, info, message from winston : Comments are retrieved successfully for  60900a12b5aa36cf98eec5bd
2021-05-14 13:32:48, info, message from winston : Token has been verified successfully for  609e0630e9f3e72fad2ce84f
2021-05-14 13:32:48, error, message from winston : Some error occured
2021-05-14 13:39:30, info, message from winston : Posts data retrieved successfully!!
2021-05-14 13:39:46, info, message from winston : Posts data retrieved successfully!!
2021-05-14 13:39:55, info, message from winston : signed in successfully for user --> shubham
2021-05-14 13:39:55, info, message from winston : Posts data retrieved successfully!!
2021-05-14 13:40:00, info, message from winston : Comments are retrieved successfully for  60900a12b5aa36cf98eec5bd
2021-05-14 13:40:12, info, message from winston : Token has been verified successfully for  6086cdc777905c742059a239
2021-05-14 13:40:13, error, message from winston : Some error occured
2021-05-14 13:42:48, info, message from winston : Posts data retrieved successfully!!
2021-05-14 13:42:54, info, message from winston : Comments are retrieved successfully for  60900a12b5aa36cf98eec5bd
2021-05-14 13:43:03, info, message from winston : Token has been verified successfully for  6086cdc777905c742059a239
2021-05-14 13:43:04, error, message from winston : Some error occured
2021-05-14 13:46:04, info, message from winston : Comments are retrieved successfully for  60900a12b5aa36cf98eec5bd
2021-05-14 13:46:13, info, message from winston : Token has been verified successfully for  6086cdc777905c742059a239
2021-05-14 13:46:14, info, message from winston : Comments has been added successfully for post  60900a12b5aa36cf98eec5bd
2021-05-14 13:46:25, info, message from winston : Token has been verified successfully for  6086cdc777905c742059a239
2021-05-14 13:46:25, error, message from winston : Some error occured
2021-05-14 13:46:28, info, message from winston : Posts data retrieved successfully!!
2021-05-14 13:46:38, info, message from winston : Posts data retrieved successfully!!
2021-05-14 13:49:04, info, message from winston : Comments are retrieved successfully for  60900a12b5aa36cf98eec5bd
2021-05-14 14:12:41, info, message from winston : Posts data retrieved successfully!!
2021-05-14 15:33:13, info, message from winston : Posts data retrieved successfully!!
2021-05-14 15:33:14, info, message from winston : Posts data retrieved successfully!!
2021-05-14 15:43:52, info, message from winston : signed in successfully for user --> shobha
2021-05-14 15:43:53, info, message from winston : Posts data retrieved successfully!!
2021-05-14 15:45:24, info, message from winston : Posts data retrieved successfully!!
2021-05-14 15:45:40, error, Invalid password for-->  shobha
2021-05-14 15:45:44, info, message from winston : signed in successfully for user --> shobha
2021-05-14 15:45:45, info, message from winston : Posts data retrieved successfully!!
2021-05-14 17:30:31, error, Invalid password for-->  sharanya
2021-05-14 17:30:31, error, Invalid password for-->  sharanya
2021-05-14 17:31:58, error, Invalid password for-->  sharanya
2021-05-14 17:31:58, error, Invalid password for-->  sharanya
2021-05-14 17:33:57, error, Invalid password for-->  sharanya
2021-05-14 17:33:57, error, Invalid password for-->  sharanya
2021-05-14 17:35:08, error, Invalid password for-->  sharanya
2021-05-14 17:35:08, error, Invalid password for-->  sharanya
2021-05-14 17:36:17, info, message from winston : Posts data retrieved successfully!!
2021-05-14 17:36:19, info, message from winston : Posts data retrieved successfully!!
2021-05-14 17:37:10, error, Invalid password for-->  sharanya
2021-05-14 17:37:10, error, Invalid password for-->  sharanya
2021-05-14 17:38:28, error, Invalid password for-->  sharanya
2021-05-14 17:38:28, error, Invalid password for-->  sharanya
2021-05-14 17:39:15, error, Invalid password for-->  sharanya
2021-05-14 17:39:15, error, Invalid password for-->  sharanya
2021-05-14 18:11:23, error, Invalid password for-->  sharanya
2021-05-14 18:20:07, error, Invalid password for-->  sharanya
2021-05-14 18:20:19, info, message from winston : Posts data retrieved successfully!!
2021-05-14 18:20:50, error, Invalid password for-->  sharanya
2021-05-14 18:21:13, error, Invalid password for-->  sharanya
2021-05-14 18:22:56, error, Invalid password for-->  sharanya
2021-05-14 18:23:26, error, Invalid password for-->  sharanya
2021-05-14 18:26:09, error, Invalid password for-->  sharanya
2021-05-14 18:26:16, error, Invalid password for-->  sharanya
2021-05-14 18:27:47, error, Invalid password for-->  sharanya
2021-05-14 18:27:48, error, Invalid password for-->  sharanya
2021-05-14 18:29:50, info, message from winston : Posts data retrieved successfully!!
2021-05-14 18:30:03, error, Invalid password for-->  sharanya
2021-05-14 18:30:41, error, Invalid password for-->  sharanya
2021-05-14 18:32:33, error, Invalid password for-->  sharanya
2021-05-14 18:34:30, error, Invalid password for-->  sharanya
2021-05-14 18:34:30, error, Invalid password for-->  sharanya
2021-05-14 18:36:35, error, Invalid password for-->  sharanya
2021-05-14 18:36:35, error, Invalid password for-->  sharanya
2021-05-14 18:42:28, error, Invalid password for-->  sharanya
2021-05-14 18:42:28, error, Invalid password for-->  sharanya
2021-05-14 18:42:56, error, Invalid password for-->  sharanya
2021-05-14 18:45:05, error, Invalid password for-->  sharanya
2021-05-14 18:45:06, error, Invalid password for-->  sharanya
2021-05-14 18:46:11, error, Invalid password for-->  sharanya
2021-05-14 18:47:43, error, Invalid password for-->  sharanya
2021-05-14 18:48:12, error, Invalid password for-->  sharanya
2021-05-14 18:51:55, error, Invalid password for-->  sharanya
2021-05-14 18:51:55, error, Invalid password for-->  sharanya
2021-05-14 18:53:08, error, Invalid password for-->  sharanya
2021-05-14 18:55:40, error, Invalid password for-->  sharanya
2021-05-14 18:55:40, error, Invalid password for-->  sharanya
2021-05-14 18:56:05, error, Invalid password for-->  sharanya
2021-05-14 18:56:05, error, Invalid password for-->  sharanya
2021-05-14 19:02:04, error, Invalid password for-->  sharanya
2021-05-14 19:02:04, error, Invalid password for-->  sharanya
2021-05-14 19:08:28, error, Invalid password for-->  sharanya
2021-05-14 19:08:28, error, Invalid password for-->  sharanya
2021-05-14 19:09:30, error, Invalid password for-->  sharanya
2021-05-14 19:09:30, error, Invalid password for-->  sharanya
2021-05-14 19:17:19, error, Invalid password for-->  sharanya
2021-05-14 19:17:19, error, Invalid password for-->  sharanya
2021-05-14 19:17:45, error, Invalid password for-->  sharanya
2021-05-14 19:18:37, error, Invalid password for-->  sharanya
2021-05-14 19:18:37, error, Invalid password for-->  sharanya
2021-05-14 19:52:24, error, Invalid password for-->  sharanya
2021-05-14 19:52:24, error, Invalid password for-->  sharanya
2021-05-14 20:00:10, error, Invalid password for-->  sharanya
2021-05-14 20:00:10, error, Invalid password for-->  sharanya
2021-05-14 20:01:39, error, Invalid password for-->  sharanya
2021-05-14 20:01:39, error, Invalid password for-->  sharanya
2021-05-14 20:02:48, error, Invalid password for-->  sharanya
2021-05-14 20:02:48, error, Invalid password for-->  sharanya
2021-05-14 20:03:01, error, Invalid password for-->  sharanya
2021-05-14 20:03:01, error, Invalid password for-->  sharanya
2021-05-14 20:03:36, error, Invalid password for-->  sharanya
2021-05-14 20:03:36, error, Invalid password for-->  sharanya
2021-05-14 20:03:48, error, Invalid password for-->  sharanya
2021-05-14 20:03:48, error, Invalid password for-->  sharanya
2021-05-14 20:04:13, error, message from winston : Both Passwords must match
2021-05-14 20:04:13, error, message from winston : Both Passwords must match
2021-05-14 20:04:13, error, Invalid password for-->  sharanya
2021-05-14 20:04:14, error, Invalid password for-->  sharanya
2021-05-14 20:06:10, error, message from winston : Both Passwords must match
2021-05-14 20:06:10, error, message from winston : Both Passwords must match
2021-05-14 20:06:10, error, Invalid password for-->  sharanya
2021-05-14 20:06:10, error, Invalid password for-->  sharanya
2021-05-14 20:06:39, error, message from winston : Both Passwords must match
2021-05-14 20:06:39, error, message from winston : Both Passwords must match
2021-05-14 20:06:39, error, Invalid password for-->  sharanya
2021-05-14 20:06:39, error, Invalid password for-->  sharanya
2021-05-14 20:07:01, error, message from winston : Both Passwords must match
2021-05-14 20:07:01, error, message from winston : Both Passwords must match
2021-05-14 20:07:02, error, Invalid password for-->  sharanya
2021-05-14 20:07:02, error, Invalid password for-->  sharanya
2021-05-14 20:54:56, error, message from winston : Both Passwords must match
2021-05-14 20:54:56, error, message from winston : Both Passwords must match
2021-05-14 20:55:08, error, message from winston : Both Passwords must match
2021-05-14 20:55:08, error, message from winston : Both Passwords must match
2021-05-14 20:55:32, error, message from winston : Both Passwords must match
2021-05-14 20:59:05, error, message from winston : UserName already exists, try other
2021-05-14 20:59:41, error, message from winston : UserName already exists, try other
2021-05-14 21:00:24, error, message from winston : UserName already exists, try other
2021-05-14 21:00:49, error, message from winston : UserName already exists, try other
2021-05-14 21:03:28, error, message from winston : UserName already exists, try other
2021-05-14 21:03:29, error, message from winston : UserName already exists, try other
2021-05-14 21:04:55, error, message from winston : UserName already exists, try other
2021-05-14 21:06:20, error, message from winston : UserName already exists, try other
2021-05-14 22:11:43, error, message from winston : Both Passwords must match
2021-05-14 22:14:53, error, message from winston : Both Passwords must match
2021-05-14 22:14:53, error, message from winston : Both Passwords must match
2021-05-14 22:36:40, error, message from winston : UserName already exists, try other
2021-05-14 22:36:40, error, message from winston : UserName already exists, try other
2021-05-14 22:36:40, error, Invalid password for-->  sharanya
2021-05-14 22:36:40, error, Invalid password for-->  sharanya
2021-05-14 22:56:02, info, message from winston : Posts data retrieved successfully!!
2021-05-14 22:57:31, error, message from winston : UserName already exists, try other
2021-05-14 22:57:40, info, message from winston : Posts data retrieved successfully!!
2021-05-14 22:58:23, error, message from winston : UserName already exists, try other
2021-05-14 22:58:29, info, message from winston : Posts data retrieved successfully!!
2021-05-14 22:58:39, info, message from winston : signed in successfully for user --> admin
2021-05-14 22:58:39, info, message from winston : Posts data retrieved successfully!!
2021-05-14 22:58:53, info, message from winston : Comments are retrieved successfully for  60900a12b5aa36cf98eec5bd
2021-05-15 10:01:59, info, message from winston : Posts data retrieved successfully!!
2021-05-15 10:35:02, error, message from winston : UserName already exists, try other
2021-05-15 10:35:02, error, message from winston : UserName already exists, try other
2021-05-15 10:36:08, error, message from winston : UserName already exists, try other
2021-05-15 10:36:08, error, message from winston : UserName already exists, try other
2021-05-15 10:36:36, error, message from winston : UserName already exists, try other
2021-05-15 10:36:36, error, message from winston : UserName already exists, try other
2021-05-15 10:51:00, info, Server is connected, and running on port 3000 Successfully !!
2021-05-15 10:51:03, info, Database is connected Successfully !!
2021-05-15 10:59:47, info, Server is connected, and running on port 3000 Successfully !!
2021-05-15 10:59:49, info, Database is connected Successfully !!
2021-05-15 11:20:19, info, Server is connected, and running on port 3000 Successfully !!
2021-05-15 11:20:21, info, Database is connected Successfully !!
2021-05-15 11:21:29, info, Server is connected, and running on port 3000 Successfully !!
2021-05-15 11:21:31, info, Database is connected Successfully !!
2021-05-15 11:40:31, info, Server is connected, and running on port 3000 Successfully !!
2021-05-15 11:40:33, info, Database is connected Successfully !!
2021-05-15 11:41:11, info, Server is connected, and running on port 3000 Successfully !!
2021-05-15 11:41:13, info, Database is connected Successfully !!
2021-05-15 11:41:54, info, message from winston : Posts data retrieved successfully!!
2021-05-15 11:42:06, info, message from winston : signed in successfully for user --> sharanya
2021-05-15 11:42:06, info, message from winston : Posts data retrieved successfully!!
2021-05-15 11:44:22, info, Server is connected, and running on port 3000 Successfully !!
2021-05-15 11:48:02, info, Server is connected, and running on port 3000 Successfully !!
2021-05-15 11:48:05, info, Database is connected Successfully !!
2021-05-15 11:48:34, info, Server is connected, and running on port 3000 Successfully !!
2021-05-15 11:48:36, info, Database is connected Successfully !!
2021-05-15 11:51:10, info, Server is connected, and running on port 3000 Successfully !!
2021-05-15 11:51:12, info, Database is connected Successfully !!
2021-05-15 11:51:25, info, Server is connected, and running on port 3000 Successfully !!
2021-05-15 11:57:23, info, Server is connected, and running on port 3000 Successfully !!
2021-05-15 11:57:25, info, Database is connected Successfully !!
2021-05-15 11:57:57, info, Server is connected, and running on port 3000 Successfully !!
2021-05-15 12:00:03, info, Server is connected, and running on port 3000 Successfully !!
2021-05-15 12:00:07, info, Database is connected Successfully !!
2021-05-15 12:02:00, info, Server is connected, and running on port 3000 Successfully !!
2021-05-15 12:02:02, info, Database is connected Successfully !!
2021-05-15 12:02:19, info, Server is connected, and running on port 3000 Successfully !!
2021-05-15 12:02:21, info, Database is connected Successfully !!
2021-05-15 12:02:21, info, message from winston : signed in successfully for user --> sharanya
2021-05-15 12:04:01, info, Server is connected, and running on port 3000 Successfully !!
2021-05-15 12:04:05, info, Database is connected Successfully !!
2021-05-15 12:04:45, info, Server is connected, and running on port 3000 Successfully !!
2021-05-15 12:04:47, info, Database is connected Successfully !!
2021-05-15 12:04:56, info, Server is connected, and running on port 3000 Successfully !!
2021-05-15 12:04:57, info, Database is connected Successfully !!
2021-05-15 12:04:58, info, message from winston : signed in successfully for user --> sharanya
2021-05-15 12:08:31, info, Server is connected, and running on port 3000 Successfully !!
2021-05-15 12:08:34, info, Database is connected Successfully !!
2021-05-15 12:08:44, info, Server is connected, and running on port 3000 Successfully !!
2021-05-15 12:08:46, info, Database is connected Successfully !!
2021-05-15 12:08:46, info, message from winston : signed in successfully for user --> sharanya
2021-05-15 12:20:37, info, Server is connected, and running on port 3000 Successfully !!
2021-05-15 12:20:43, info, Server is connected, and running on port 3000 Successfully !!
2021-05-15 12:20:45, info, Database is connected Successfully !!
2021-05-15 12:20:45, info, message from winston : signed in successfully for user --> sharanya
2021-05-15 12:20:59, info, Server is connected, and running on port 3000 Successfully !!
2021-05-15 12:21:01, info, Database is connected Successfully !!
2021-05-15 12:21:01, info, message from winston : signed in successfully for user --> sharanya
2021-05-15 12:21:23, info, Server is connected, and running on port 3000 Successfully !!
2021-05-15 12:21:25, info, Database is connected Successfully !!
2021-05-15 12:21:39, info, Server is connected, and running on port 3000 Successfully !!
2021-05-15 12:21:41, info, Database is connected Successfully !!
2021-05-15 12:21:53, info, Server is connected, and running on port 3000 Successfully !!
2021-05-15 12:21:55, info, Database is connected Successfully !!
2021-05-15 12:21:55, info, message from winston : signed in successfully for user --> sharanya
2021-05-15 12:22:24, info, Server is connected, and running on port 3000 Successfully !!
2021-05-15 12:22:26, info, Database is connected Successfully !!
2021-05-15 12:22:34, info, Server is connected, and running on port 3000 Successfully !!
2021-05-15 12:22:36, info, Database is connected Successfully !!
2021-05-15 12:22:36, info, message from winston : signed in successfully for user --> sharanya
2021-05-15 12:23:39, info, Server is connected, and running on port 3000 Successfully !!
2021-05-15 12:23:41, info, Database is connected Successfully !!
2021-05-15 12:25:04, info, Server is connected, and running on port 3000 Successfully !!
2021-05-15 12:25:06, info, Database is connected Successfully !!
2021-05-15 12:25:15, info, Server is connected, and running on port 3000 Successfully !!
2021-05-15 12:25:16, info, Database is connected Successfully !!
2021-05-15 12:25:16, info, message from winston : signed in successfully for user --> sharanya
2021-05-15 12:25:16, error, Invalid password for-->  sharanya
2021-05-15 12:26:31, info, Server is connected, and running on port 3000 Successfully !!
2021-05-15 12:26:34, info, Database is connected Successfully !!
2021-05-15 12:26:43, info, Server is connected, and running on port 3000 Successfully !!
2021-05-15 12:26:45, info, Database is connected Successfully !!
2021-05-15 12:26:46, info, message from winston : signed in successfully for user --> sharanya
2021-05-15 12:26:46, error, Invalid password for-->  sharanya
2021-05-15 13:36:32, info, Server is connected, and running on port 3000 Successfully !!
2021-05-15 13:40:25, info, Server is connected, and running on port 3000 Successfully !!
2021-05-15 13:40:36, info, Server is connected, and running on port 3000 Successfully !!
2021-05-15 13:41:11, info, Server is connected, and running on port 3000 Successfully !!
2021-05-15 13:41:12, info, Server is connected, and running on port 3000 Successfully !!
2021-05-15 13:41:29, info, Server is connected, and running on port 3000 Successfully !!
2021-05-15 13:42:19, info, Server is connected, and running on port 3000 Successfully !!
2021-05-15 13:42:21, info, Database is connected Successfully !!
2021-05-15 13:42:21, info, message from winston : signed in successfully for user --> sharanya
2021-05-15 13:42:22, error, Invalid password for-->  sharanya
2021-05-15 13:42:22, error, message from winston : Both Passwords must match
2021-05-15 13:43:26, info, Server is connected, and running on port 3000 Successfully !!
2021-05-15 13:43:28, info, Database is connected Successfully !!
2021-05-15 13:43:37, info, Server is connected, and running on port 3000 Successfully !!
2021-05-15 13:43:39, info, Database is connected Successfully !!
2021-05-15 13:43:39, info, message from winston : signed in successfully for user --> sharanya
2021-05-15 13:43:40, error, Invalid password for-->  sharanya
2021-05-15 13:43:40, error, message from winston : UserName already exists, try other
2021-05-15 13:43:40, error, message from winston : Both Passwords must match
2021-05-15 13:46:25, info, Server is connected, and running on port 3000 Successfully !!
2021-05-15 13:46:26, info, Server is connected, and running on port 3000 Successfully !!
2021-05-15 13:46:29, info, Database is connected Successfully !!
2021-05-15 13:46:36, info, Server is connected, and running on port 3000 Successfully !!
2021-05-15 13:46:38, info, Database is connected Successfully !!
2021-05-15 13:46:38, info, message from winston : signed in successfully for user --> sharanya
2021-05-15 13:46:38, error, Invalid password for-->  sharanya
2021-05-15 13:46:39, error, message from winston : UserName already exists, try other
2021-05-15 13:46:39, error, message from winston : Both Passwords must match
2021-05-15 13:47:01, info, Server is connected, and running on port 3000 Successfully !!
2021-05-15 13:47:03, info, Database is connected Successfully !!
2021-05-15 13:47:26, info, Server is connected, and running on port 3000 Successfully !!
2021-05-15 13:47:29, info, Database is connected Successfully !!
2021-05-15 13:47:35, info, Server is connected, and running on port 3000 Successfully !!
2021-05-15 13:47:37, info, Database is connected Successfully !!
2021-05-15 13:47:37, info, message from winston : signed in successfully for user --> sharanya
2021-05-15 13:47:38, error, Invalid password for-->  sharanya
2021-05-15 13:47:39, error, message from winston : UserName already exists, try other
2021-05-15 13:47:39, error, message from winston : Both Passwords must match
2021-05-15 13:50:01, info, Server is connected, and running on port 3000 Successfully !!
2021-05-15 13:50:04, info, Database is connected Successfully !!
2021-05-15 13:50:32, info, Server is connected, and running on port 3000 Successfully !!
2021-05-15 13:50:39, info, Database is connected Successfully !!
2021-05-15 13:50:42, info, Server is connected, and running on port 3000 Successfully !!
2021-05-15 13:50:45, info, Database is connected Successfully !!
2021-05-15 13:50:49, info, Server is connected, and running on port 3000 Successfully !!
2021-05-15 13:51:07, info, Database is connected Successfully !!
2021-05-15 13:51:07, info, message from winston : signed in successfully for user --> sharanya
2021-05-15 13:51:08, error, Invalid password for-->  sharanya
2021-05-15 13:51:08, error, message from winston : UserName already exists, try other
2021-05-15 13:51:08, error, message from winston : Both Passwords must match
2021-05-15 13:53:47, info, Server is connected, and running on port 3000 Successfully !!
2021-05-15 13:53:49, info, Database is connected Successfully !!
2021-05-15 13:53:52, info, Server is connected, and running on port 3000 Successfully !!
2021-05-15 13:53:59, info, Server is connected, and running on port 3000 Successfully !!
2021-05-15 13:54:06, info, Database is connected Successfully !!
2021-05-15 13:54:06, info, message from winston : signed in successfully for user --> sharanya
2021-05-15 13:54:06, error, Invalid password for-->  sharanya
2021-05-15 13:54:06, error, message from winston : UserName already exists, try other
2021-05-15 13:54:06, error, message from winston : Both Passwords must match
2021-05-15 13:54:40, info, Server is connected, and running on port 3000 Successfully !!
2021-05-15 13:54:49, info, Server is connected, and running on port 3000 Successfully !!
2021-05-15 13:54:53, info, Database is connected Successfully !!
2021-05-15 13:54:54, info, message from winston : signed in successfully for user --> sharanya
2021-05-15 13:54:54, error, Invalid password for-->  sharanya
2021-05-15 13:54:55, error, message from winston : Both Passwords must match
2021-05-15 14:05:28, info, Server is connected, and running on port 3000 Successfully !!
2021-05-15 14:05:31, info, Database is connected Successfully !!
2021-05-15 14:15:19, info, Server is connected, and running on port 3000 Successfully !!
2021-05-15 14:15:22, info, Database is connected Successfully !!
2021-05-15 14:22:12, info, Server is connected, and running on port 3000 Successfully !!
2021-05-15 14:22:15, info, Database is connected Successfully !!
2021-05-15 14:22:26, info, Server is connected, and running on port 3000 Successfully !!
2021-05-15 14:22:27, info, Database is connected Successfully !!
2021-05-15 14:22:53, info, Server is connected, and running on port 3000 Successfully !!
2021-05-15 14:22:55, info, Database is connected Successfully !!
2021-05-15 14:22:56, info, message from winston : signed in successfully for user --> sharanya
2021-05-15 14:22:56, error, Invalid password for-->  sharanya
2021-05-15 14:22:56, error, message from winston : Both Passwords must match
2021-05-15 14:22:57, info, message from winston : post submitted successfully !!
2021-05-15 14:22:57, error, message from winston : Some error occured
2021-05-15 14:25:07, info, Server is connected, and running on port 3000 Successfully !!
2021-05-15 14:25:10, info, Database is connected Successfully !!
2021-05-15 14:25:16, info, Server is connected, and running on port 3000 Successfully !!
2021-05-15 14:25:19, info, Database is connected Successfully !!
2021-05-15 14:25:19, info, message from winston : signed in successfully for user --> sharanya
2021-05-15 14:25:19, error, Invalid password for-->  sharanya
2021-05-15 14:25:19, error, message from winston : Both Passwords must match
2021-05-15 14:25:20, info, message from winston : post submitted successfully !!
2021-05-15 14:25:20, error, message from winston : Some error occured
2021-05-15 14:34:27, info, Server is connected, and running on port 3000 Successfully !!
2021-05-15 14:34:29, info, Database is connected Successfully !!
2021-05-15 14:39:06, info, Server is connected, and running on port 3000 Successfully !!
2021-05-15 14:39:09, info, Database is connected Successfully !!
2021-05-15 14:40:45, info, Server is connected, and running on port 3000 Successfully !!
2021-05-15 14:40:47, info, Server is connected, and running on port 3000 Successfully !!
2021-05-15 14:40:49, info, Database is connected Successfully !!
2021-05-15 14:40:57, info, Server is connected, and running on port 3000 Successfully !!
2021-05-15 14:40:59, info, Database is connected Successfully !!
2021-05-15 14:41:00, info, message from winston : signed in successfully for user --> sharanya
2021-05-15 14:41:00, error, Invalid password for-->  sharanya
2021-05-15 14:41:00, error, message from winston : Both Passwords must match
2021-05-15 14:41:00, error, message from winston : Some error occured
2021-05-15 14:41:01, info, message from winston : Individual posts retrieved successfully !!
2021-05-15 14:41:01, error, message from winston : Error Retrieving Individual posts
2021-05-15 14:42:14, info, Server is connected, and running on port 3000 Successfully !!
2021-05-15 14:42:14, info, Server is connected, and running on port 3000 Successfully !!
2021-05-15 14:42:17, info, Server is connected, and running on port 3000 Successfully !!
2021-05-15 14:42:19, info, Database is connected Successfully !!
2021-05-15 14:42:48, info, Server is connected, and running on port 3000 Successfully !!
2021-05-15 14:42:50, info, Database is connected Successfully !!
2021-05-15 14:42:50, info, message from winston : signed in successfully for user --> sharanya
2021-05-15 14:42:51, error, Invalid password for-->  sharanya
2021-05-15 14:42:51, error, message from winston : Both Passwords must match
2021-05-15 14:42:51, info, message from winston : post submitted successfully !!
2021-05-15 14:42:51, error, message from winston : Some error occured
2021-05-15 14:42:51, info, message from winston : Individual posts retrieved successfully !!
2021-05-15 14:42:51, error, message from winston : Error Retrieving Individual posts
2021-05-15 14:45:55, info, Server is connected, and running on port 3000 Successfully !!
2021-05-15 14:45:58, info, Database is connected Successfully !!
2021-05-15 14:46:15, info, message from winston : Posts data retrieved successfully!!
2021-05-15 14:46:25, info, message from winston : signed in successfully for user --> sharanya
2021-05-15 14:46:26, info, message from winston : Posts data retrieved successfully!!
2021-05-15 14:46:32, info, message from winston : Individual posts retrieved successfully !!
2021-05-15 14:47:36, info, message from winston : Individual posts retrieved successfully !!
2021-05-15 14:47:59, info, message from winston : Individual posts retrieved successfully !!
2021-05-15 15:59:40, info, Server is connected, and running on port 3000 Successfully !!
2021-05-15 15:59:42, info, Database is connected Successfully !!
2021-05-15 15:59:49, info, message from winston : Posts data retrieved successfully!!
2021-05-15 16:00:36, error, message from winston : UserName already exists, try other
